2018-05-15 12:05:28.068  INFO tuvshuu-PC --- [           main] b.p.p.n.c.Application                    : Starting Application on tuvshuu-PC with PID 9568 (D:\Projects\Netbeans\test\NCSChallenge\NCSChallenge\target\classes started by tuvshuu in D:\Projects\Netbeans\test\NCSChallenge\NCSChallenge)
2018-05-15 12:05:28.081  INFO tuvshuu-PC --- [           main] b.p.p.n.c.Application                    : No active profile set, falling back to default profiles: default
2018-05-15 12:05:28.165  INFO tuvshuu-PC --- [           main] ConfigServletWebServerApplicationContext : Refreshing org.springframework.boot.web.servlet.context.AnnotationConfigServletWebServerApplicationContext@74e52ef6: startup date [Tue May 15 12:05:28 CDT 2018]; root of context hierarchy
2018-05-15 12:05:30.913  INFO tuvshuu-PC --- [           main] o.s.b.w.e.t.TomcatWebServer              : Tomcat initialized with port(s): 8080 (http)
2018-05-15 12:05:30.957  INFO tuvshuu-PC --- [           main] o.a.c.h.Http11NioProtocol                : Initializing ProtocolHandler ["http-nio-8080"]
2018-05-15 12:05:30.969  INFO tuvshuu-PC --- [           main] o.a.c.c.StandardService                  : Starting service [Tomcat]
2018-05-15 12:05:30.970  INFO tuvshuu-PC --- [           main] o.a.c.c.StandardEngine                   : Starting Servlet Engine: Apache Tomcat/8.5.28
2018-05-15 12:05:30.984  INFO tuvshuu-PC --- [ost-startStop-1] o.a.c.c.AprLifecycleListener             : The APR based Apache Tomcat Native library which allows optimal performance in production environments was not found on the java.library.path: [C:\Program Files\Java\jdk1.8.0_121\bin;C:\Windows\Sun\Java\bin;C:\Windows\system32;C:\Windows;C:\ProgramData\Oracle\Java\javapath;C:\Windows\system32;C:\Windows;C:\Windows\System32\Wbem;C:\Windows\System32\WindowsPowerShell\v1.0\;C:\Program Files\Intel\WiFi\bin\;C:\Program Files\Common Files\Intel\WirelessCommon\;D:\Programs\apache-maven-3.2.2\bin;D:\Programs\Git\cmd;C:\Program Files\MySQL\MySQL Server 5.5\bin;C:\Program Files (x86)\Microsoft SQL Server\100\Tools\Binn\;C:\Program Files\Microsoft SQL Server\100\Tools\Binn\;C:\Program Files\Microsoft SQL Server\100\DTS\Binn\;C:\Program Files (x86)\Microsoft SQL Server\100\Tools\Binn\VSShell\Common7\IDE\;C:\Program Files (x86)\Microsoft SQL Server\100\DTS\Binn\;C:\Program Files\TortoiseGit\bin;D:\Programs\nodejs\;D:\Programs\spring-2.0.0.RELEASE\bin;D:\Programs\mongodb\Server\3.6\bin;C:\Users\tuvshuu\AppData\Roaming\npm;D:\Programs\Microsoft VS Code\bin;.]
2018-05-15 12:05:31.129  INFO tuvshuu-PC --- [ost-startStop-1] o.a.c.c.C.[.[.[/]                        : Initializing Spring embedded WebApplicationContext
2018-05-15 12:05:31.131  INFO tuvshuu-PC --- [ost-startStop-1] o.s.w.c.ContextLoader                    : Root WebApplicationContext: initialization completed in 2970 ms
2018-05-15 12:05:31.390  INFO tuvshuu-PC --- [ost-startStop-1] o.s.b.w.s.ServletRegistrationBean        : Servlet dispatcherServlet mapped to [/]
2018-05-15 12:05:31.398  INFO tuvshuu-PC --- [ost-startStop-1] o.s.b.w.s.FilterRegistrationBean         : Mapping filter: 'characterEncodingFilter' to: [/*]
2018-05-15 12:05:31.400  INFO tuvshuu-PC --- [ost-startStop-1] o.s.b.w.s.FilterRegistrationBean         : Mapping filter: 'hiddenHttpMethodFilter' to: [/*]
2018-05-15 12:05:31.400  INFO tuvshuu-PC --- [ost-startStop-1] o.s.b.w.s.FilterRegistrationBean         : Mapping filter: 'httpPutFormContentFilter' to: [/*]
2018-05-15 12:05:31.401  INFO tuvshuu-PC --- [ost-startStop-1] o.s.b.w.s.FilterRegistrationBean         : Mapping filter: 'requestContextFilter' to: [/*]
2018-05-15 12:05:31.503  INFO tuvshuu-PC --- [           main] b.p.p.n.c.r.i.BookRepositoryImpl         : BOOK REPOSITORY INITIALIZE
2018-05-15 12:05:31.504  INFO tuvshuu-PC --- [           main] b.p.p.n.c.r.i.BookRepositoryImpl         : --------------------------------
2018-05-15 12:05:31.506  INFO tuvshuu-PC --- [           main] b.p.p.n.c.r.i.BookRepositoryImpl         : --------------------------------
2018-05-15 12:05:32.093  INFO tuvshuu-PC --- [           main] s.w.s.m.m.a.RequestMappingHandlerAdapter : Looking for @ControllerAdvice: org.springframework.boot.web.servlet.context.AnnotationConfigServletWebServerApplicationContext@74e52ef6: startup date [Tue May 15 12:05:28 CDT 2018]; root of context hierarchy
2018-05-15 12:05:32.421  INFO tuvshuu-PC --- [           main] s.w.s.m.m.a.RequestMappingHandlerMapping : Mapped "{[/restapi/book/all],methods=[GET]}" onto public java.util.List<bt.pre.prob.ncs.challenge.entity.Book> bt.pre.prob.ncs.challenge.controller.BookRestController.getAllBook()
2018-05-15 12:05:32.425  INFO tuvshuu-PC --- [           main] s.w.s.m.m.a.RequestMappingHandlerMapping : Mapped "{[/restapi/book/{id}],methods=[GET]}" onto public org.springframework.http.ResponseEntity<bt.pre.prob.ncs.challenge.entity.Book> bt.pre.prob.ncs.challenge.controller.BookRestController.getBookById(java.lang.Integer)
2018-05-15 12:05:32.425  INFO tuvshuu-PC --- [           main] s.w.s.m.m.a.RequestMappingHandlerMapping : Mapped "{[/restapi/book/author/{authorName}],methods=[GET]}" onto public java.util.List<bt.pre.prob.ncs.challenge.entity.Book> bt.pre.prob.ncs.challenge.controller.BookRestController.getBooksByAuthor(java.lang.String)
2018-05-15 12:05:32.426  INFO tuvshuu-PC --- [           main] s.w.s.m.m.a.RequestMappingHandlerMapping : Mapped "{[/restapi/book/title/{partialTitle}],methods=[GET]}" onto public java.util.List<bt.pre.prob.ncs.challenge.entity.Book> bt.pre.prob.ncs.challenge.controller.BookRestController.getBooksByTitle(java.lang.String)
2018-05-15 12:05:32.427  INFO tuvshuu-PC --- [           main] s.w.s.m.m.a.RequestMappingHandlerMapping : Mapped "{[/restapi/book],methods=[POST]}" onto public org.springframework.http.ResponseEntity<java.lang.String> bt.pre.prob.ncs.challenge.controller.BookRestController.addBook(bt.pre.prob.ncs.challenge.entity.Book,org.springframework.web.util.UriComponentsBuilder)
2018-05-15 12:05:32.432  INFO tuvshuu-PC --- [           main] s.w.s.m.m.a.RequestMappingHandlerMapping : Mapped "{[/error]}" onto public org.springframework.http.ResponseEntity<java.util.Map<java.lang.String, java.lang.Object>> org.springframework.boot.autoconfigure.web.servlet.error.BasicErrorController.error(javax.servlet.http.HttpServletRequest)
2018-05-15 12:05:32.434  INFO tuvshuu-PC --- [           main] s.w.s.m.m.a.RequestMappingHandlerMapping : Mapped "{[/error],produces=[text/html]}" onto public org.springframework.web.servlet.ModelAndView org.springframework.boot.autoconfigure.web.servlet.error.BasicErrorController.errorHtml(javax.servlet.http.HttpServletRequest,javax.servlet.http.HttpServletResponse)
2018-05-15 12:05:32.497  INFO tuvshuu-PC --- [           main] o.s.w.s.h.SimpleUrlHandlerMapping        : Mapped URL path [/webjars/**] onto handler of type [class org.springframework.web.servlet.resource.ResourceHttpRequestHandler]
2018-05-15 12:05:32.497  INFO tuvshuu-PC --- [           main] o.s.w.s.h.SimpleUrlHandlerMapping        : Mapped URL path [/**] onto handler of type [class org.springframework.web.servlet.resource.ResourceHttpRequestHandler]
2018-05-15 12:05:32.568  INFO tuvshuu-PC --- [           main] o.s.w.s.h.SimpleUrlHandlerMapping        : Mapped URL path [/**/favicon.ico] onto handler of type [class org.springframework.web.servlet.resource.ResourceHttpRequestHandler]
2018-05-15 12:05:32.942  INFO tuvshuu-PC --- [           main] o.s.j.e.a.AnnotationMBeanExporter        : Registering beans for JMX exposure on startup
2018-05-15 12:05:33.022  INFO tuvshuu-PC --- [           main] o.a.c.h.Http11NioProtocol                : Starting ProtocolHandler ["http-nio-8080"]
2018-05-15 12:05:33.075  INFO tuvshuu-PC --- [           main] o.a.t.u.n.NioSelectorPool                : Using a shared selector for servlet write/read
2018-05-15 12:05:33.218  INFO tuvshuu-PC --- [           main] o.s.b.w.e.t.TomcatWebServer              : Tomcat started on port(s): 8080 (http) with context path ''
2018-05-15 12:05:33.225  INFO tuvshuu-PC --- [           main] b.p.p.n.c.Application                    : Started Application in 5.587 seconds (JVM running for 6.821)
2018-05-15 12:05:33.228  INFO tuvshuu-PC --- [           main] b.p.p.n.c.b.InitBean                     : <<< Author - BATTUVSHIN >>>
2018-05-15 12:06:00.894  INFO tuvshuu-PC --- [nio-8080-exec-3] o.a.c.c.C.[.[.[/]                        : Initializing Spring FrameworkServlet 'dispatcherServlet'
2018-05-15 12:06:00.895  INFO tuvshuu-PC --- [nio-8080-exec-3] o.s.w.s.DispatcherServlet                : FrameworkServlet 'dispatcherServlet': initialization started
2018-05-15 12:06:00.934  INFO tuvshuu-PC --- [nio-8080-exec-3] o.s.w.s.DispatcherServlet                : FrameworkServlet 'dispatcherServlet': initialization completed in 39 ms
2018-05-15 12:06:01.009  INFO tuvshuu-PC --- [nio-8080-exec-3] b.p.p.n.c.c.BookRestController           : getBookById() has been called. id - 1
